<?xml version="1.0" encoding="UTF-8"?>
<testsuite xmlns:xsi="http://www.w3.org/2001/XMLSchema-instance" xsi:noNamespaceSchemaLocation="https://maven.apache.org/surefire/maven-surefire-plugin/xsd/surefire-test-report.xsd" name="bbear.coen6761.proj.testing.RobotDrawingTest" time="0.411" tests="21" errors="0" skipped="0" failures="0">
  <properties>
    <property name="java.specification.version" value="17"/>
    <property name="sun.cpu.isalist" value="amd64"/>
    <property name="sun.jnu.encoding" value="GBK"/>
    <property name="java.class.path" value="C:\Code\coen6761\robot-motion1\proj\target\test-classes;C:\Code\coen6761\robot-motion1\proj\target\classes;C:\Users\xiong\.m2\repository\org\junit\jupiter\junit-jupiter-engine\5.9.3\junit-jupiter-engine-5.9.3.jar;C:\Users\xiong\.m2\repository\org\junit\platform\junit-platform-engine\1.9.3\junit-platform-engine-1.9.3.jar;C:\Users\xiong\.m2\repository\org\opentest4j\opentest4j\1.2.0\opentest4j-1.2.0.jar;C:\Users\xiong\.m2\repository\org\junit\platform\junit-platform-commons\1.9.3\junit-platform-commons-1.9.3.jar;C:\Users\xiong\.m2\repository\org\junit\jupiter\junit-jupiter-api\5.9.3\junit-jupiter-api-5.9.3.jar;C:\Users\xiong\.m2\repository\org\apiguardian\apiguardian-api\1.1.2\apiguardian-api-1.1.2.jar;C:\Users\xiong\.m2\repository\org\junit\platform\junit-platform-runner\1.9.3\junit-platform-runner-1.9.3.jar;C:\Users\xiong\.m2\repository\junit\junit\4.13.2\junit-4.13.2.jar;C:\Users\xiong\.m2\repository\org\hamcrest\hamcrest-core\1.3\hamcrest-core-1.3.jar;C:\Users\xiong\.m2\repository\org\junit\platform\junit-platform-launcher\1.9.3\junit-platform-launcher-1.9.3.jar;C:\Users\xiong\.m2\repository\org\junit\platform\junit-platform-suite-api\1.9.3\junit-platform-suite-api-1.9.3.jar;C:\Users\xiong\.m2\repository\org\junit\platform\junit-platform-suite-commons\1.9.3\junit-platform-suite-commons-1.9.3.jar;C:\Users\xiong\.m2\repository\org\slf4j\slf4j-api\2.0.7\slf4j-api-2.0.7.jar;C:\Users\xiong\.m2\repository\org\slf4j\slf4j-simple\2.0.7\slf4j-simple-2.0.7.jar;"/>
    <property name="java.vm.vendor" value="Eclipse Adoptium"/>
    <property name="sun.arch.data.model" value="64"/>
    <property name="user.variant" value=""/>
    <property name="java.vendor.url" value="https://adoptium.net/"/>
    <property name="user.timezone" value="America/Toronto"/>
    <property name="os.name" value="Windows 10"/>
    <property name="java.vm.specification.version" value="17"/>
    <property name="sun.java.launcher" value="SUN_STANDARD"/>
    <property name="user.country" value="CA"/>
    <property name="sun.boot.library.path" value="C:\eclipse\plugins\org.eclipse.justj.openjdk.hotspot.jre.full.win32.x86_64_17.0.5.v20221102-0933\jre\bin"/>
    <property name="sun.java.command" value="C:\Users\xiong\AppData\Local\Temp\surefire1282627540904077635\surefirebooter7364194439083781276.jar C:\Users\xiong\AppData\Local\Temp\surefire1282627540904077635 2023-07-23T00-09-47_068-jvmRun1 surefire5581182772383408655tmp surefire_016195816324174602265tmp"/>
    <property name="jdk.debug" value="release"/>
    <property name="surefire.test.class.path" value="C:\Code\coen6761\robot-motion1\proj\target\test-classes;C:\Code\coen6761\robot-motion1\proj\target\classes;C:\Users\xiong\.m2\repository\org\junit\jupiter\junit-jupiter-engine\5.9.3\junit-jupiter-engine-5.9.3.jar;C:\Users\xiong\.m2\repository\org\junit\platform\junit-platform-engine\1.9.3\junit-platform-engine-1.9.3.jar;C:\Users\xiong\.m2\repository\org\opentest4j\opentest4j\1.2.0\opentest4j-1.2.0.jar;C:\Users\xiong\.m2\repository\org\junit\platform\junit-platform-commons\1.9.3\junit-platform-commons-1.9.3.jar;C:\Users\xiong\.m2\repository\org\junit\jupiter\junit-jupiter-api\5.9.3\junit-jupiter-api-5.9.3.jar;C:\Users\xiong\.m2\repository\org\apiguardian\apiguardian-api\1.1.2\apiguardian-api-1.1.2.jar;C:\Users\xiong\.m2\repository\org\junit\platform\junit-platform-runner\1.9.3\junit-platform-runner-1.9.3.jar;C:\Users\xiong\.m2\repository\junit\junit\4.13.2\junit-4.13.2.jar;C:\Users\xiong\.m2\repository\org\hamcrest\hamcrest-core\1.3\hamcrest-core-1.3.jar;C:\Users\xiong\.m2\repository\org\junit\platform\junit-platform-launcher\1.9.3\junit-platform-launcher-1.9.3.jar;C:\Users\xiong\.m2\repository\org\junit\platform\junit-platform-suite-api\1.9.3\junit-platform-suite-api-1.9.3.jar;C:\Users\xiong\.m2\repository\org\junit\platform\junit-platform-suite-commons\1.9.3\junit-platform-suite-commons-1.9.3.jar;C:\Users\xiong\.m2\repository\org\slf4j\slf4j-api\2.0.7\slf4j-api-2.0.7.jar;C:\Users\xiong\.m2\repository\org\slf4j\slf4j-simple\2.0.7\slf4j-simple-2.0.7.jar;"/>
    <property name="sun.cpu.endian" value="little"/>
    <property name="user.home" value="C:\Users\xiong"/>
    <property name="user.language" value="en"/>
    <property name="java.specification.vendor" value="Oracle Corporation"/>
    <property name="java.version.date" value="2022-10-18"/>
    <property name="java.home" value="C:\eclipse\plugins\org.eclipse.justj.openjdk.hotspot.jre.full.win32.x86_64_17.0.5.v20221102-0933\jre"/>
    <property name="file.separator" value="\"/>
    <property name="basedir" value="C:\Code\coen6761\robot-motion1\proj"/>
    <property name="java.vm.compressedOopsMode" value="Zero based"/>
    <property name="line.separator" value="&#10;"/>
    <property name="java.vm.specification.vendor" value="Oracle Corporation"/>
    <property name="java.specification.name" value="Java Platform API Specification"/>
    <property name="surefire.real.class.path" value="C:\Users\xiong\AppData\Local\Temp\surefire1282627540904077635\surefirebooter7364194439083781276.jar"/>
    <property name="user.script" value=""/>
    <property name="sun.management.compiler" value="HotSpot 64-Bit Tiered Compilers"/>
    <property name="java.runtime.version" value="17.0.5+8"/>
    <property name="user.name" value="Limin"/>
    <property name="path.separator" value=";"/>
    <property name="os.version" value="10.0"/>
    <property name="java.runtime.name" value="OpenJDK Runtime Environment"/>
    <property name="file.encoding" value="GBK"/>
    <property name="java.vm.name" value="OpenJDK 64-Bit Server VM"/>
    <property name="java.vendor.version" value="Temurin-17.0.5+8"/>
    <property name="localRepository" value="C:\Users\xiong\.m2\repository"/>
    <property name="java.vendor.url.bug" value="https://github.com/adoptium/adoptium-support/issues"/>
    <property name="java.io.tmpdir" value="C:\Users\xiong\AppData\Local\Temp\"/>
    <property name="java.version" value="17.0.5"/>
    <property name="user.dir" value="C:\Code\coen6761\robot-motion1\proj"/>
    <property name="os.arch" value="amd64"/>
    <property name="java.vm.specification.name" value="Java Virtual Machine Specification"/>
    <property name="sun.os.patch.level" value=""/>
    <property name="native.encoding" value="GBK"/>
    <property name="java.library.path" value="C:\eclipse\plugins\org.eclipse.justj.openjdk.hotspot.jre.full.win32.x86_64_17.0.5.v20221102-0933\jre\bin;C:\Windows\Sun\Java\bin;C:\Windows\system32;C:\Windows;C:/eclipse//plugins/org.eclipse.justj.openjdk.hotspot.jre.full.win32.x86_64_17.0.5.v20221102-0933/jre/bin/server;C:/eclipse//plugins/org.eclipse.justj.openjdk.hotspot.jre.full.win32.x86_64_17.0.5.v20221102-0933/jre/bin;C:\Program Files\apache-maven-3.8.7\bin;C:\Program Files\Common Files\Oracle\Java\javapath;C:\Windows\system32;C:\Windows;C:\Windows\System32\Wbem;C:\Windows\System32\WindowsPowerShell\v1.0\;C:\Windows\System32\OpenSSH\;C:\Program Files\dotnet\;C:\Program Files\Git\cmd;C:\Users\xiong\AppData\Roaming\nvm;C:\Program Files\nodejs;C:\Program Files\PuTTY\;C:\Program Files (x86)\NVIDIA Corporation\PhysX\Common;C:\Program Files\NVIDIA Corporation\NVIDIA NvDLISR;C:\Program Files\Docker\Docker\resources\bin;C:\Program Files\sqlite3;C:\Program Files\MySQL\MySQL Shell 8.0\bin\;C:\Users\xiong\anaconda3;C:\Users\xiong\anaconda3\Library\mingw-w64\bin;C:\Users\xiong\anaconda3\Library\usr\bin;C:\Users\xiong\anaconda3\Library\bin;C:\Users\xiong\anaconda3\Scripts;C:\Ruby31-x64\bin;C:\Users\xiong\AppData\Local\Programs\Python\Python311\Scripts\;C:\Users\xiong\AppData\Local\Programs\Python\Python311\;C:\Users\xiong\AppData\Local\Microsoft\WindowsApps;C:\Users\xiong\AppData\Local\Programs\Microsoft VS Code\bin;C:\Users\xiong\.dotnet\tools;C:\Program Files\heroku\bin;C:\Users\xiong\AppData\Roaming\nvm;C:\Users\xiong\AppData\Roaming\npm;C:\Program Files\JetBrains\IntelliJ IDEA 2022.3.1\bin;C:\Users\xiong\AppData\Roaming\nvm;C:\Program Files\nodejs;C:\modeltech64_10.6d\win64;C:\eclipse;;."/>
    <property name="java.vm.info" value="mixed mode"/>
    <property name="java.vendor" value="Eclipse Adoptium"/>
    <property name="java.vm.version" value="17.0.5+8"/>
    <property name="sun.io.unicode.encoding" value="UnicodeLittle"/>
    <property name="java.class.version" value="61.0"/>
  </properties>
  <testcase name="testPrintCurrentPosition" classname="bbear.coen6761.proj.testing.RobotDrawingTest" time="0.094"/>
  <testcase name="testQuitSystem" classname="bbear.coen6761.proj.testing.RobotDrawingTest" time="0.039"/>
  <testcase name="testMoveCommandRequiresSpaceAfterMorI" classname="bbear.coen6761.proj.testing.RobotDrawingTest" time="0.001"/>
  <testcase name="testMove_EmptyArgument" classname="bbear.coen6761.proj.testing.RobotDrawingTest" time="0.003"/>
  <testcase name="testProcess_NonNumericFormatSecondArgument" classname="bbear.coen6761.proj.testing.RobotDrawingTest" time="0.007"/>
  <testcase name="testInitializeSystem_EmptyArgument" classname="bbear.coen6761.proj.testing.RobotDrawingTest" time="0.001"/>
  <testcase name="testPenUp" classname="bbear.coen6761.proj.testing.RobotDrawingTest" time="0.001"/>
  <testcase name="testInvalidSingleCharacterCommands" classname="bbear.coen6761.proj.testing.RobotDrawingTest" time="0.003"/>
  <testcase name="testMove" classname="bbear.coen6761.proj.testing.RobotDrawingTest" time="0.007"/>
  <testcase name="testPenDown" classname="bbear.coen6761.proj.testing.RobotDrawingTest" time="0"/>
  <testcase name="testPrintFloor" classname="bbear.coen6761.proj.testing.RobotDrawingTest" time="0.006"/>
  <testcase name="testProcess_NullArgument" classname="bbear.coen6761.proj.testing.RobotDrawingTest" time="0.002"/>
  <testcase name="testInitializeSystem" classname="bbear.coen6761.proj.testing.RobotDrawingTest" time="0.002"/>
  <testcase name="testOtherCMDWithouInitSys" classname="bbear.coen6761.proj.testing.RobotDrawingTest" time="0.003"/>
  <testcase name="testFirstCharOfCMDNotRecognized" classname="bbear.coen6761.proj.testing.RobotDrawingTest" time="0.001"/>
  <testcase name="testTurnRight" classname="bbear.coen6761.proj.testing.RobotDrawingTest" time="0"/>
  <testcase name="testTurnLeft" classname="bbear.coen6761.proj.testing.RobotDrawingTest" time="0"/>
  <testcase name="testMove_NullArgument" classname="bbear.coen6761.proj.testing.RobotDrawingTest" time="0.001"/>
  <testcase name="testProcess_EmptyArgument" classname="bbear.coen6761.proj.testing.RobotDrawingTest" time="0.001"/>
  <testcase name="testProcess_NonNegativeSecondArgument" classname="bbear.coen6761.proj.testing.RobotDrawingTest" time="0.003"/>
  <testcase name="testInitializeSystem_NullArgument" classname="bbear.coen6761.proj.testing.RobotDrawingTest" time="0.002"/>
</testsuite>